Determining if the pthread_create exist failed with the following output:
Change Dir: /home/lmn/catkin_ws/src/dual_arm_resources/dual_interactive_self/qt_build/CMakeFiles/CMakeTmp

Run Build Command:/usr/bin/make "cmTryCompileExec1002740222/fast"
/usr/bin/make -f CMakeFiles/cmTryCompileExec1002740222.dir/build.make CMakeFiles/cmTryCompileExec1002740222.dir/build
make[1]: Entering directory `/home/lmn/catkin_ws/src/dual_arm_resources/dual_interactive_self/qt_build/CMakeFiles/CMakeTmp'
/usr/bin/cmake -E cmake_progress_report /home/lmn/catkin_ws/src/dual_arm_resources/dual_interactive_self/qt_build/CMakeFiles/CMakeTmp/CMakeFiles 1
Building C object CMakeFiles/cmTryCompileExec1002740222.dir/CheckSymbolExists.c.o
/usr/bin/cc    -o CMakeFiles/cmTryCompileExec1002740222.dir/CheckSymbolExists.c.o   -c /home/lmn/catkin_ws/src/dual_arm_resources/dual_interactive_self/qt_build/CMakeFiles/CMakeTmp/CheckSymbolExists.c
Linking C executable cmTryCompileExec1002740222
/usr/bin/cmake -E cmake_link_script CMakeFiles/cmTryCompileExec1002740222.dir/link.txt --verbose=1
/usr/bin/cc       CMakeFiles/cmTryCompileExec1002740222.dir/CheckSymbolExists.c.o  -o cmTryCompileExec1002740222 -rdynamic 
CMakeFiles/cmTryCompileExec1002740222.dir/CheckSymbolExists.c.o: In function `main':
CheckSymbolExists.c:(.text+0xa): undefined reference to `pthread_create'
collect2: error: ld returned 1 exit status
make[1]: Leaving directory `/home/lmn/catkin_ws/src/dual_arm_resources/dual_interactive_self/qt_build/CMakeFiles/CMakeTmp'
make[1]: *** [cmTryCompileExec1002740222] Error 1
make: *** [cmTryCompileExec1002740222/fast] Error 2

File /home/lmn/catkin_ws/src/dual_arm_resources/dual_interactive_self/qt_build/CMakeFiles/CMakeTmp/CheckSymbolExists.c:
/* */
#include <pthread.h>

int main(int argc, char** argv)
{
  (void)argv;
#ifndef pthread_create
  return ((int*)(&pthread_create))[argc];
#else
  (void)argc;
  return 0;
#endif
}

Determining if the function pthread_create exists in the pthreads failed with the following output:
Change Dir: /home/lmn/catkin_ws/src/dual_arm_resources/dual_interactive_self/qt_build/CMakeFiles/CMakeTmp

Run Build Command:/usr/bin/make "cmTryCompileExec1288387810/fast"
/usr/bin/make -f CMakeFiles/cmTryCompileExec1288387810.dir/build.make CMakeFiles/cmTryCompileExec1288387810.dir/build
make[1]: Entering directory `/home/lmn/catkin_ws/src/dual_arm_resources/dual_interactive_self/qt_build/CMakeFiles/CMakeTmp'
/usr/bin/cmake -E cmake_progress_report /home/lmn/catkin_ws/src/dual_arm_resources/dual_interactive_self/qt_build/CMakeFiles/CMakeTmp/CMakeFiles 1
Building C object CMakeFiles/cmTryCompileExec1288387810.dir/CheckFunctionExists.c.o
/usr/bin/cc   -DCHECK_FUNCTION_EXISTS=pthread_create   -o CMakeFiles/cmTryCompileExec1288387810.dir/CheckFunctionExists.c.o   -c /usr/share/cmake-2.8/Modules/CheckFunctionExists.c
Linking C executable cmTryCompileExec1288387810
/usr/bin/cmake -E cmake_link_script CMakeFiles/cmTryCompileExec1288387810.dir/link.txt --verbose=1
/usr/bin/cc   -DCHECK_FUNCTION_EXISTS=pthread_create    CMakeFiles/cmTryCompileExec1288387810.dir/CheckFunctionExists.c.o  -o cmTryCompileExec1288387810 -rdynamic -lpthreads 
/usr/bin/ld: cannot find -lpthreads
collect2: error: ld returned 1 exit status
make[1]: Leaving directory `/home/lmn/catkin_ws/src/dual_arm_resources/dual_interactive_self/qt_build/CMakeFiles/CMakeTmp'
make[1]: *** [cmTryCompileExec1288387810] Error 1
make: *** [cmTryCompileExec1288387810/fast] Error 2


